Sending build context to Docker daemon  37.38kB
Step 1/18 : FROM debian:buster-slim
 ---> 4e22ed854b0a
Step 2/18 : RUN groupadd -r mysql && useradd -r -g mysql mysql
 ---> Using cache
 ---> 993df4d7b428
Step 3/18 : RUN apt-get update && apt-get install -y --no-install-recommends gnupg dirmngr && rm -rf /var/lib/apt/lists/*
 ---> Running in d3e79576f653
Get:1 http://deb.debian.org/debian buster InRelease [122 kB]
Get:2 http://security.debian.org/debian-security buster/updates InRelease [65.4 kB]
Get:3 http://deb.debian.org/debian buster-updates InRelease [49.3 kB]
Get:4 http://deb.debian.org/debian buster/main amd64 Packages [7907 kB]
Get:2 http://security.debian.org/debian-security buster/updates InRelease [65.4 kB]
Get:4 http://deb.debian.org/debian buster/main amd64 Packages [7907 kB]
Get:2 http://security.debian.org/debian-security buster/updates InRelease [65.4 kB]
Get:2 http://security.debian.org/debian-security buster/updates InRelease [65.4 kB]
Get:5 http://security.debian.org/debian-security buster/updates/main amd64 Packages [187 kB]
Get:4 http://deb.debian.org/debian buster/main amd64 Packages [7907 kB]
Get:4 http://deb.debian.org/debian buster/main amd64 Packages [7907 kB]
Get:5 http://security.debian.org/debian-security buster/updates/main amd64 Packages [187 kB]
Get:4 http://deb.debian.org/debian buster/main amd64 Packages [7907 kB]
Get:4 http://deb.debian.org/debian buster/main amd64 Packages [7907 kB]
Get:4 http://deb.debian.org/debian buster/main amd64 Packages [7907 kB]
Get:4 http://deb.debian.org/debian buster/main amd64 Packages [7907 kB]
Get:4 http://deb.debian.org/debian buster/main amd64 Packages [7907 kB]
Get:4 http://deb.debian.org/debian buster/main amd64 Packages [7907 kB]
Get:4 http://deb.debian.org/debian buster/main amd64 Packages [7907 kB]
Get:4 http://deb.debian.org/debian buster/main amd64 Packages [7907 kB]
Get:4 http://deb.debian.org/debian buster/main amd64 Packages [7907 kB]
Get:4 http://deb.debian.org/debian buster/main amd64 Packages [7907 kB]
Get:4 http://deb.debian.org/debian buster/main amd64 Packages [7907 kB]
Get:4 http://deb.debian.org/debian buster/main amd64 Packages [7907 kB]
Get:4 http://deb.debian.org/debian buster/main amd64 Packages [7907 kB]
Get:4 http://deb.debian.org/debian buster/main amd64 Packages [7907 kB]
Get:4 http://deb.debian.org/debian buster/main amd64 Packages [7907 kB]
Get:4 http://deb.debian.org/debian buster/main amd64 Packages [7907 kB]
Get:4 http://deb.debian.org/debian buster/main amd64 Packages [7907 kB]
Get:4 http://deb.debian.org/debian buster/main amd64 Packages [7907 kB]
Get:4 http://deb.debian.org/debian buster/main amd64 Packages [7907 kB]
Get:4 http://deb.debian.org/debian buster/main amd64 Packages [7907 kB]
Get:4 http://deb.debian.org/debian buster/main amd64 Packages [7907 kB]
Get:4 http://deb.debian.org/debian buster/main amd64 Packages [7907 kB]
Get:4 http://deb.debian.org/debian buster/main amd64 Packages [7907 kB]
Ign:4 http://deb.debian.org/debian buster/main amd64 Packages
Get:6 http://deb.debian.org/debian buster-updates/main amd64 Packages [7380 B]
Get:4 http://deb.debian.org/debian buster/main amd64 Packages [7907 kB]
Get:4 http://deb.debian.org/debian buster/main amd64 Packages [7907 kB]
Get:4 http://deb.debian.org/debian buster/main amd64 Packages [7907 kB]
Get:4 http://deb.debian.org/debian buster/main amd64 Packages [7907 kB]
Get:4 http://deb.debian.org/debian buster/main amd64 Packages [7907 kB]
Get:4 http://deb.debian.org/debian buster/main amd64 Packages [7907 kB]
Get:4 http://deb.debian.org/debian buster/main amd64 Packages [7907 kB]
Get:4 http://deb.debian.org/debian buster/main amd64 Packages [7907 kB]
Get:4 http://deb.debian.org/debian buster/main amd64 Packages [7907 kB]
Get:4 http://deb.debian.org/debian buster/main amd64 Packages [7907 kB]
Get:4 http://deb.debian.org/debian buster/main amd64 Packages [7907 kB]
Get:4 http://deb.debian.org/debian buster/main amd64 Packages [7907 kB]
Get:4 http://deb.debian.org/debian buster/main amd64 Packages [7907 kB]
Get:4 http://deb.debian.org/debian buster/main amd64 Packages [7907 kB]
Get:4 http://deb.debian.org/debian buster/main amd64 Packages [7907 kB]
Get:4 http://deb.debian.org/debian buster/main amd64 Packages [7907 kB]
Get:4 http://deb.debian.org/debian buster/main amd64 Packages [7907 kB]
Get:4 http://deb.debian.org/debian buster/main amd64 Packages [7907 kB]
Get:4 http://deb.debian.org/debian buster/main amd64 Packages [7907 kB]
Get:4 http://deb.debian.org/debian buster/main amd64 Packages [7907 kB]
Get:4 http://deb.debian.org/debian buster/main amd64 Packages [7907 kB]
Get:4 http://deb.debian.org/debian buster/main amd64 Packages [7907 kB]
Get:4 http://deb.debian.org/debian buster/main amd64 Packages [7907 kB]
Get:4 http://deb.debian.org/debian buster/main amd64 Packages [7907 kB]
Get:4 http://deb.debian.org/debian buster/main amd64 Packages [7907 kB]
Get:4 http://deb.debian.org/debian buster/main amd64 Packages [7907 kB]
Get:4 http://deb.debian.org/debian buster/main amd64 Packages [7907 kB]
Get:4 http://deb.debian.org/debian buster/main amd64 Packages [7907 kB]
Get:4 http://deb.debian.org/debian buster/main amd64 Packages [7907 kB]
Get:4 http://deb.debian.org/debian buster/main amd64 Packages [7907 kB]
Get:4 http://deb.debian.org/debian buster/main amd64 Packages [7907 kB]
Get:4 http://deb.debian.org/debian buster/main amd64 Packages [7907 kB]
Ign:4 http://deb.debian.org/debian buster/main amd64 Packages
Ign:4 http://deb.debian.org/debian buster/main amd64 Packages
Ign:4 http://deb.debian.org/debian buster/main amd64 Packages
Ign:4 http://deb.debian.org/debian buster/main amd64 Packages
Err:4 http://deb.debian.org/debian buster/main amd64 Packages
  Could not connect to deb.debian.org:80 (151.101.110.133), connection timed out [IP: 151.101.110.133 80]
Fetched 323 kB in 1h 22min 48s (65 B/s)
Reading package lists...
[91mW: Failed to fetch http://deb.debian.org/debian/dists/buster/main/binary-amd64/Packages  Could not connect to deb.debian.org:80 (151.101.110.133), connection timed out [IP: 151.101.110.133 80]
W: Some index files failed to download. They have been ignored, or old ones used instead.
[0mReading package lists...
Building dependency tree...
Reading state information...
Package gnupg is not available, but is referred to by another package.
This may mean that the package is missing, has been obsoleted, or
is only available from another source

Package dirmngr is not available, but is referred to by another package.
This may mean that the package is missing, has been obsoleted, or
is only available from another source

[91mE: Package 'gnupg' has no installation candidate
E: Package 'dirmngr' has no installation candidate
[0mThe command '/bin/sh -c apt-get update && apt-get install -y --no-install-recommends gnupg dirmngr && rm -rf /var/lib/apt/lists/*' returned a non-zero code: 100
